UI4/uI/build/outputs/logs/manifest-merger-debug-report.txt
-- Merging decision tree log ---
manifest
ADDED from src\main\AndroidManifest.xml:2:1-298:12
	package
		ADDED from src\main\AndroidManifest.xml:3:5-46
		INJECTED from src\main\AndroidManifest.xml
		INJECTED from src\main\AndroidManifest.xml
	android:versionName
		ADDED from src\main\AndroidManifest.xml:5:5-30
		INJECTED from src\main\AndroidManifest.xml
		INJECTED from src\main\AndroidManifest.xml
	android:versionCode
		ADDED from src\main\AndroidManifest.xml:4:5-29
		INJECTED from src\main\AndroidManifest.xml
		INJECTED from src\main\AndroidManifest.xml
	xmlns:android
		ADDED from src\main\AndroidManifest.xml:2:11-69
uses-sdk
ADDED from src\main\AndroidManifest.xml:7:5-9:41
MERGED from [UI4:swipeMenuListView:unspecified] AndroidManifest.xml:7:5-9:41
MERGED from [UI4:customUI:unspecified] AndroidManifest.xml:7:5-9:41
	android:targetSdkVersion
		ADDED from src\main\AndroidManifest.xml:9:9-38
		INJECTED from src\main\AndroidManifest.xml
		INJECTED from src\main\AndroidManifest.xml
	android:minSdkVersion
		ADDED from src\main\AndroidManifest.xml:8:9-35
		INJECTED from src\main\AndroidManifest.xml
		INJECTED from src\main\AndroidManifest.xml
supports-screens
ADDED from src\main\AndroidManifest.xml:11:5-15:39
	android:largeScreens
		ADDED from src\main\AndroidManifest.xml:13:9-36
	android:smallScreens
		ADDED from src\main\AndroidManifest.xml:15:9-36
	android:normalScreens
		ADDED from src\main\AndroidManifest.xml:14:9-37
	android:anyDensity
		ADDED from src\main\AndroidManifest.xml:12:9-34
application
ADDED from src\main\AndroidManifest.xml:17:5-246:19
MERGED from [UI4:swipeMenuListView:unspecified] AndroidManifest.xml:11:5-15:19
	android:label
		ADDED from src\main\AndroidManifest.xml:21:9-41
	android:allowBackup
		ADDED from src\main\AndroidManifest.xml:19:9-35
	android:icon
		ADDED from src\main\AndroidManifest.xml:20:9-41
	android:persistent
		ADDED from src\main\AndroidManifest.xml:22:9-34
	android:theme
		ADDED from [UI4:swipeMenuListView:unspecified] AndroidManifest.xml:14:9-40
	android:taskAffinity
		ADDED from src\main\AndroidManifest.xml:23:9-55
	android:name
		ADDED from src\main\AndroidManifest.xml:18:9-38
meta-data#BaiduMobAd_APP_ID
ADDED from src\main\AndroidManifest.xml:24:9-26:40
	android:value
		ADDED from src\main\AndroidManifest.xml:26:13-37
	android:name
		ADDED from src\main\AndroidManifest.xml:25:13-45
meta-data#BaiduMobAd_APP_SEC
ADDED from src\main\AndroidManifest.xml:27:9-29:40
	android:value
		ADDED from src\main\AndroidManifest.xml:29:13-37
	android:name
		ADDED from src\main\AndroidManifest.xml:28:13-46
activity#com.soul.project.story.activity.YaShaiZiActivity
ADDED from src\main\AndroidManifest.xml:31:9-34:20
	android:screenOrientation
		ADDED from src\main\AndroidManifest.xml:33:13-49
	android:name
		ADDED from src\main\AndroidManifest.xml:32:13-45
activity#com.soul.project.story.activity.SheLieActivity
ADDED from src\main\AndroidManifest.xml:35:9-38:20
	android:screenOrientation
		ADDED from src\main\AndroidManifest.xml:37:13-49
	android:name
		ADDED from src\main\AndroidManifest.xml:36:13-43
activity#com.soul.project.story.activity.CasinoSelectModeActivity
ADDED from src\main\AndroidManifest.xml:39:9-42:20
	android:screenOrientation
		ADDED from src\main\AndroidManifest.xml:41:13-49
	android:name
		ADDED from src\main\AndroidManifest.xml:40:13-53
activity#com.soul.project.story.activity.DrugsActivity
ADDED from src\main\AndroidManifest.xml:43:9-46:20
	android:screenOrientation
		ADDED from src\main\AndroidManifest.xml:45:13-49
	android:name
		ADDED from src\main\AndroidManifest.xml:44:13-42
activity#com.soul.project.story.activity.FishingActivity
ADDED from src\main\AndroidManifest.xml:47:9-50:20
	android:screenOrientation
		ADDED from src\main\AndroidManifest.xml:49:13-49
	android:name
		ADDED from src\main\AndroidManifest.xml:48:13-44
activity#com.soul.project.story.activity.HelpActivity
ADDED from src\main\AndroidManifest.xml:51:9-127
	android:screenOrientation
		ADDED from src\main\AndroidManifest.xml:51:79-115
	android:name
		ADDED from src\main\AndroidManifest.xml:51:19-78
activity#com.soul.project.story.activity.TianDiRenPlay
ADDED from src\main\AndroidManifest.xml:52:17-55:20
	android:screenOrientation
		ADDED from src\main\AndroidManifest.xml:54:13-49
	android:name
		ADDED from src\main\AndroidManifest.xml:53:13-73
activity#com.soul.project.story.activity.TianDiRenList
ADDED from src\main\AndroidManifest.xml:56:17-60:20
	android:screenOrientation
		ADDED from src\main\AndroidManifest.xml:58:13-49
	android:name
		ADDED from src\main\AndroidManifest.xml:57:13-73
activity#com.soul.project.story.activity.CasinoActivity
ADDED from src\main\AndroidManifest.xml:62:17-65:20
	android:screenOrientation
		ADDED from src\main\AndroidManifest.xml:64:13-49
	android:name
		ADDED from src\main\AndroidManifest.xml:63:13-43
activity#com.soul.project.story.activity.GoodDetailActivity
ADDED from src\main\AndroidManifest.xml:66:9-69:20
	android:screenOrientation
		ADDED from src\main\AndroidManifest.xml:68:13-49
	android:name
		ADDED from src\main\AndroidManifest.xml:67:13-47
activity#com.soul.project.story.activity.GoodsSellDetailActivity
ADDED from src\main\AndroidManifest.xml:70:9-73:20
	android:screenOrientation
		ADDED from src\main\AndroidManifest.xml:72:13-49
	android:name
		ADDED from src\main\AndroidManifest.xml:71:13-52
activity#com.soul.project.story.activity.XuanShangActivity
ADDED from src\main\AndroidManifest.xml:74:9-77:20
	android:screenOrientation
		ADDED from src\main\AndroidManifest.xml:76:13-49
	android:name
		ADDED from src\main\AndroidManifest.xml:75:13-46
activity#com.soul.project.story.activity.AccessMoneyOrThingsActivity
ADDED from src\main\AndroidManifest.xml:78:9-81:20
	android:screenOrientation
		ADDED from src\main\AndroidManifest.xml:80:13-49
	android:name
		ADDED from src\main\AndroidManifest.xml:79:13-56
activity#com.soul.project.story.activity.GroupActivity
ADDED from src\main\AndroidManifest.xml:82:9-85:20
	android:screenOrientation
		ADDED from src\main\AndroidManifest.xml:84:13-49
	android:name
		ADDED from src\main\AndroidManifest.xml:83:13-42
activity#com.soul.project.story.activity.GroupListActivity
ADDED from src\main\AndroidManifest.xml:86:9-89:20
	android:screenOrientation
		ADDED from src\main\AndroidManifest.xml:88:13-49
	android:name
		ADDED from src\main\AndroidManifest.xml:87:13-46
activity#com.soul.project.story.activity.BlackMarketActivity
ADDED from src\main\AndroidManifest.xml:90:9-93:20
	android:screenOrientation
		ADDED from src\main\AndroidManifest.xml:92:13-49
	android:name
		ADDED from src\main\AndroidManifest.xml:91:13-48
activity#com.soul.project.story.activity.GroupManageActivity
ADDED from src\main\AndroidManifest.xml:94:9-97:20
	android:screenOrientation
		ADDED from src\main\AndroidManifest.xml:96:13-49
	android:name
		ADDED from src\main\AndroidManifest.xml:95:13-48
activity#com.baidu.mobads.AppActivity
ADDED from src\main\AndroidManifest.xml:98:9-100:75
	android:configChanges
		ADDED from src\main\AndroidManifest.xml:100:13-72
	android:name
		ADDED from src\main\AndroidManifest.xml:99:13-56
activity#com.soul.project.story.activity.SplashActivity
ADDED from src\main\AndroidManifest.xml:101:9-115:20
	android:screenOrientation
		ADDED from src\main\AndroidManifest.xml:107:13-49
	android:label
		ADDED from src\main\AndroidManifest.xml:105:13-45
	android:launchMode
		ADDED from src\main\AndroidManifest.xml:106:13-43
	android:configChanges
		ADDED from src\main\AndroidManifest.xml:104:13-51
	android:alwaysRetainTaskState
		ADDED from src\main\AndroidManifest.xml:103:13-49
	android:theme
		ADDED from src\main\AndroidManifest.xml:108:13-60
	android:name
		ADDED from src\main\AndroidManifest.xml:102:13-74
intent-filter#android.intent.action.MAIN+android.intent.category.DEFAULT+android.intent.category.LAUNCHER
ADDED from src\main\AndroidManifest.xml:109:13-114:29
action#android.intent.action.MAIN
ADDED from src\main\AndroidManifest.xml:110:17-69
	android:name
		ADDED from src\main\AndroidManifest.xml:110:25-66
category#android.intent.category.DEFAULT
ADDED from src\main\AndroidManifest.xml:112:17-76
	android:name
		ADDED from src\main\AndroidManifest.xml:112:27-73
category#android.intent.category.LAUNCHER
ADDED from src\main\AndroidManifest.xml:113:17-77
	android:name
		ADDED from src\main\AndroidManifest.xml:113:27-74
activity#com.soul.project.story.activity.FriendListActivity
ADDED from src\main\AndroidManifest.xml:116:9-119:20
	android:screenOrientation
		ADDED from src\main\AndroidManifest.xml:118:13-49
	android:name
		ADDED from src\main\AndroidManifest.xml:117:13-47
activity#com.soul.project.story.activity.BuyGoodsList
ADDED from src\main\AndroidManifest.xml:120:9-123:20
	android:screenOrientation
		ADDED from src\main\AndroidManifest.xml:122:13-49
	android:name
		ADDED from src\main\AndroidManifest.xml:121:13-41
activity#com.soul.project.story.activity.SettingActivity
ADDED from src\main\AndroidManifest.xml:124:9-127:20
	android:screenOrientation
		ADDED from src\main\AndroidManifest.xml:126:13-49
	android:name
		ADDED from src\main\AndroidManifest.xml:125:13-44
activity#com.soul.project.story.activity.TaskManageActivity
ADDED from src\main\AndroidManifest.xml:128:9-131:20
	android:screenOrientation
		ADDED from src\main\AndroidManifest.xml:130:13-49
	android:name
		ADDED from src\main\AndroidManifest.xml:129:13-47
activity#com.soul.project.story.activity.SimpleRegister
ADDED from src\main\AndroidManifest.xml:132:9-135:20
	android:screenOrientation
		ADDED from src\main\AndroidManifest.xml:134:13-49
	android:name
		ADDED from src\main\AndroidManifest.xml:133:13-43
activity#com.soul.project.story.activity.RankingListActivity
ADDED from src\main\AndroidManifest.xml:136:9-139:20
	android:screenOrientation
		ADDED from src\main\AndroidManifest.xml:138:13-49
	android:name
		ADDED from src\main\AndroidManifest.xml:137:13-48
activity#com.soul.project.story.activity.BattleActivity
ADDED from src\main\AndroidManifest.xml:140:9-143:20
	android:screenOrientation
		ADDED from src\main\AndroidManifest.xml:142:13-49
	android:name
		ADDED from src\main\AndroidManifest.xml:141:13-43
activity#com.soul.project.story.activity.PostDetailActivity
ADDED from src\main\AndroidManifest.xml:144:9-147:20
	android:screenOrientation
		ADDED from src\main\AndroidManifest.xml:146:13-49
	android:name
		ADDED from src\main\AndroidManifest.xml:145:13-47
activity#com.soul.project.story.activity.ForumActivity
ADDED from src\main\AndroidManifest.xml:148:9-151:20
	android:screenOrientation
		ADDED from src\main\AndroidManifest.xml:150:13-49
	android:name
		ADDED from src\main\AndroidManifest.xml:149:13-42
activity#com.soul.project.story.activity.MessageListAcrtivity
ADDED from src\main\AndroidManifest.xml:152:9-155:20
	android:screenOrientation
		ADDED from src\main\AndroidManifest.xml:154:13-49
	android:name
		ADDED from src\main\AndroidManifest.xml:153:13-49
activity#com.soul.project.story.activity.GoodsListActivty
ADDED from src\main\AndroidManifest.xml:156:9-159:20
	android:screenOrientation
		ADDED from src\main\AndroidManifest.xml:158:13-49
	android:name
		ADDED from src\main\AndroidManifest.xml:157:13-45
activity#com.soul.project.story.activity.PlayerPanelActivity
ADDED from src\main\AndroidManifest.xml:160:9-163:20
	android:screenOrientation
		ADDED from src\main\AndroidManifest.xml:162:13-49
	android:name
		ADDED from src\main\AndroidManifest.xml:161:13-48
activity#com.soul.project.story.activity.MainPanelActivity
ADDED from src\main\AndroidManifest.xml:164:9-167:20
	android:screenOrientation
		ADDED from src\main\AndroidManifest.xml:166:13-49
	android:name
		ADDED from src\main\AndroidManifest.xml:165:13-46
activity#com.soul.project.story.activity.ManageActivity
ADDED from src\main\AndroidManifest.xml:168:9-171:20
	android:screenOrientation
		ADDED from src\main\AndroidManifest.xml:170:13-49
	android:name
		ADDED from src\main\AndroidManifest.xml:169:13-43
activity#com.soul.project.story.activity.DetailActivity
ADDED from src\main\AndroidManifest.xml:172:9-175:20
	android:screenOrientation
		ADDED from src\main\AndroidManifest.xml:174:13-49
	android:name
		ADDED from src\main\AndroidManifest.xml:173:13-43
activity#com.mob.tools.MobUIShell
ADDED from src\main\AndroidManifest.xml:176:9-180:70
	android:windowSoftInputMode
		ADDED from src\main\AndroidManifest.xml:180:13-67
	android:configChanges
		ADDED from src\main\AndroidManifest.xml:178:13-74
	android:theme
		ADDED from src\main\AndroidManifest.xml:179:13-72
	android:name
		ADDED from src\main\AndroidManifest.xml:177:13-52
activity#com.soul.project.story.activity.GalleryImageActivity
ADDED from src\main\AndroidManifest.xml:181:9-184:20
	android:screenOrientation
		ADDED from src\main\AndroidManifest.xml:183:13-49
	android:name
		ADDED from src\main\AndroidManifest.xml:182:13-49
activity#com.soul.project.story.activity.MyImageDetailActivity
ADDED from src\main\AndroidManifest.xml:185:9-188:20
	android:screenOrientation
		ADDED from src\main\AndroidManifest.xml:187:13-49
	android:name
		ADDED from src\main\AndroidManifest.xml:186:13-50
activity#com.soul.project.story.activity.MainActivity
ADDED from src\main\AndroidManifest.xml:189:9-192:20
	android:screenOrientation
		ADDED from src\main\AndroidManifest.xml:191:13-49
	android:name
		ADDED from src\main\AndroidManifest.xml:190:13-41
activity#com.soul.project.story.activity.GVDetailActivity
ADDED from src\main\AndroidManifest.xml:193:9-196:20
	android:screenOrientation
		ADDED from src\main\AndroidManifest.xml:195:13-49
	android:name
		ADDED from src\main\AndroidManifest.xml:194:13-45
activity#com.soul.project.story.activity.GridviewActivity
ADDED from src\main\AndroidManifest.xml:197:9-200:20
	android:screenOrientation
		ADDED from src\main\AndroidManifest.xml:199:13-49
	android:name
		ADDED from src\main\AndroidManifest.xml:198:13-45
activity#com.soul.project.story.activity.LoginAndRegistActivity
ADDED from src\main\AndroidManifest.xml:201:9-204:20
	android:screenOrientation
		ADDED from src\main\AndroidManifest.xml:203:13-49
	android:name
		ADDED from src\main\AndroidManifest.xml:202:13-51
activity#com.soul.project.story.activity.LoginActivity
ADDED from src\main\AndroidManifest.xml:205:9-208:20
	android:screenOrientation
		ADDED from src\main\AndroidManifest.xml:207:13-49
	android:name
		ADDED from src\main\AndroidManifest.xml:206:13-42
activity#com.soul.project.story.activity.RegisterActivity
ADDED from src\main\AndroidManifest.xml:209:9-211:52
	android:screenOrientation
		ADDED from src\main\AndroidManifest.xml:211:13-49
	android:name
		ADDED from src\main\AndroidManifest.xml:210:13-45
activity#com.soul.project.story.activity.wxapi.WXEntryActivity
ADDED from src\main\AndroidManifest.xml:214:9-219:75
	android:screenOrientation
		ADDED from src\main\AndroidManifest.xml:218:13-49
	android:exported
		ADDED from src\main\AndroidManifest.xml:217:13-36
	android:configChanges
		ADDED from src\main\AndroidManifest.xml:216:13-74
	android:theme
		ADDED from src\main\AndroidManifest.xml:219:13-72
	android:name
		ADDED from src\main\AndroidManifest.xml:215:13-50
activity#com.tencent.tauth.AuthActivity
ADDED from src\main\AndroidManifest.xml:222:9-234:20
	android:launchMode
		ADDED from src\main\AndroidManifest.xml:224:13-44
	android:noHistory
		ADDED from src\main\AndroidManifest.xml:225:13-37
	android:name
		ADDED from src\main\AndroidManifest.xml:223:13-58
intent-filter#android.intent.action.VIEW+android.intent.category.BROWSABLE+android.intent.category.DEFAULT
ADDED from src\main\AndroidManifest.xml:226:13-233:29
action#android.intent.action.VIEW
ADDED from src\main\AndroidManifest.xml:227:17-69
	android:name
		ADDED from src\main\AndroidManifest.xml:227:25-66
category#android.intent.category.BROWSABLE
ADDED from src\main\AndroidManifest.xml:230:17-78
	android:name
		ADDED from src\main\AndroidManifest.xml:230:27-75
data
ADDED from src\main\AndroidManifest.xml:232:17-60
	android:scheme
		ADDED from src\main\AndroidManifest.xml:232:23-57
activity#com.tencent.connect.common.AssistActivity
ADDED from src\main\AndroidManifest.xml:235:9-240:20
	android:screenOrientation
		ADDED from src\main\AndroidManifest.xml:238:13-49
	android:configChanges
		ADDED from src\main\AndroidManifest.xml:237:13-63
	android:theme
		ADDED from src\main\AndroidManifest.xml:239:13-72
	android:name
		ADDED from src\main\AndroidManifest.xml:236:13-69
activity#com.soul.project.story.activity.MyselfHouserActivity
ADDED from src\main\AndroidManifest.xml:241:9-245:20
	android:screenOrientation
		ADDED from src\main\AndroidManifest.xml:243:13-49
	android:label
		ADDED from src\main\AndroidManifest.xml:244:13-65
	android:name
		ADDED from src\main\AndroidManifest.xml:242:13-49
uses-permission#android.permission.RECEIVE_SMS
ADDED from src\main\AndroidManifest.xml:248:5-70
	android:name
		ADDED from src\main\AndroidManifest.xml:248:22-67
uses-permission#android.permission.GET_TASKS
ADDED from src\main\AndroidManifest.xml:249:5-68
	android:name
		ADDED from src\main\AndroidManifest.xml:249:22-65
uses-permission#android.permission.RECEIVE_USER_PRESENT
ADDED from src\main\AndroidManifest.xml:250:5-79
	android:name
		ADDED from src\main\AndroidManifest.xml:250:22-76
uses-permission#android.permission.SYSTEM_ALERT_WINDOW
ADDED from src\main\AndroidManifest.xml:251:5-78
	android:name
		ADDED from src\main\AndroidManifest.xml:251:22-75
uses-permission#android.permission.RECEIVE_BOOT_COMPLETED
ADDED from src\main\AndroidManifest.xml:252:5-81
	android:name
		ADDED from src\main\AndroidManifest.xml:252:22-78
uses-permission#android.permission.WAKE_LOCK
ADDED from src\main\AndroidManifest.xml:253:5-68
	android:name
		ADDED from src\main\AndroidManifest.xml:253:22-65
uses-permission#android.permission.READ_PHONE_STATE
ADDED from src\main\AndroidManifest.xml:254:5-75
	android:name
		ADDED from src\main\AndroidManifest.xml:254:22-72
uses-permission#android.permission.ACCESS_COARSE_LOCATION
ADDED from src\main\AndroidManifest.xml:256:5-81
	android:name
		ADDED from src\main\AndroidManifest.xml:256:22-78
uses-permission#android.permission.CHANGE_WIFI_STATE
ADDED from src\main\AndroidManifest.xml:257:5-76
	android:name
		ADDED from src\main\AndroidManifest.xml:257:22-73
uses-permission#android.permission.ACCESS_FINE_LOCATION
ADDED from src\main\AndroidManifest.xml:258:5-79
	android:name
		ADDED from src\main\AndroidManifest.xml:258:22-76
uses-permission#android.permission.ACCESS_LOCATION_EXTRA_COMMANDS
ADDED from src\main\AndroidManifest.xml:259:5-89
	android:name
		ADDED from src\main\AndroidManifest.xml:259:22-86
uses-permission#android.permission.CHANGE_NETWORK_STATE
ADDED from src\main\AndroidManifest.xml:260:5-79
	android:name
		ADDED from src\main\AndroidManifest.xml:260:22-76
uses-permission#android.permission.READ_CONTACTS
ADDED from src\main\AndroidManifest.xml:263:5-72
	android:name
		ADDED from src\main\AndroidManifest.xml:263:22-69
uses-permission#android.permission.CALL_PHONE
ADDED from src\main\AndroidManifest.xml:265:5-69
	android:name
		ADDED from src\main\AndroidManifest.xml:265:22-66
uses-permission#android.permission.SEND_SMS
ADDED from src\main\AndroidManifest.xml:267:5-67
	android:name
		ADDED from src\main\AndroidManifest.xml:267:22-64
uses-permission#android.permission.RECORD_AUDIO
ADDED from src\main\AndroidManifest.xml:268:5-71
	android:name
		ADDED from src\main\AndroidManifest.xml:268:22-68
uses-permission#android.permission.CHANGE_CONFIGURATION
ADDED from src\main\AndroidManifest.xml:269:5-79
	android:name
		ADDED from src\main\AndroidManifest.xml:269:22-76
uses-permission#android.permission.KILL_BACKGROUND_PROCESSES
ADDED from src\main\AndroidManifest.xml:271:5-84
	android:name
		ADDED from src\main\AndroidManifest.xml:271:22-81
uses-permission#android.permission.CAMERA
ADDED from src\main\AndroidManifest.xml:273:5-65
	android:name
		ADDED from src\main\AndroidManifest.xml:273:22-62
uses-feature#android.hardware.camera
ADDED from src\main\AndroidManifest.xml:275:5-60
	android:name
		ADDED from src\main\AndroidManifest.xml:275:19-57
uses-feature#android.hardware.camera.autofocus
ADDED from src\main\AndroidManifest.xml:276:5-70
	android:name
		ADDED from src\main\AndroidManifest.xml:276:19-67
uses-permission#android.permission.VIBRATE
ADDED from src\main\AndroidManifest.xml:278:5-66
	android:name
		ADDED from src\main\AndroidManifest.xml:278:22-63
uses-permission#android.permission.FLASHLIGHT
ADDED from src\main\AndroidManifest.xml:279:5-69
	android:name
		ADDED from src\main\AndroidManifest.xml:279:22-66
uses-permission#android.permission.WRITE_EXTERNAL_STORAGE
ADDED from src\main\AndroidManifest.xml:281:5-81
	android:name
		ADDED from src\main\AndroidManifest.xml:281:22-78
uses-permission#android.permission.READ_EXTERNAL_STORAGE
ADDED from src\main\AndroidManifest.xml:282:5-80
	android:name
		ADDED from src\main\AndroidManifest.xml:282:22-77
uses-permission#android.permission.MOUNT_UNMOUNT_FILESYSTEMS
ADDED from src\main\AndroidManifest.xml:283:5-84
	android:name
		ADDED from src\main\AndroidManifest.xml:283:22-81
uses-permission#android.permission.WRITE_CONTACTS
ADDED from src\main\AndroidManifest.xml:285:5-73
	android:name
		ADDED from src\main\AndroidManifest.xml:285:22-70
uses-permission#android.permission.WRITE_SETTINGS
ADDED from src\main\AndroidManifest.xml:287:5-73
	android:name
		ADDED from src\main\AndroidManifest.xml:287:22-70
uses-permission#com.android.launcher.permission.UNINSTALL_SHORTCUT
ADDED from src\main\AndroidManifest.xml:288:5-90
	android:name
		ADDED from src\main\AndroidManifest.xml:288:22-87
uses-permission#com.android.launcher.permission.READ_SETTINGS
ADDED from src\main\AndroidManifest.xml:289:5-85
	android:name
		ADDED from src\main\AndroidManifest.xml:289:22-82
uses-permission#android.permission.INTERNET
ADDED from src\main\AndroidManifest.xml:291:5-67
	android:name
		ADDED from src\main\AndroidManifest.xml:291:22-64
uses-permission#android.permission.ACCESS_NETWORK_STATE
ADDED from src\main\AndroidManifest.xml:292:5-79
	android:name
		ADDED from src\main\AndroidManifest.xml:292:22-76
uses-permission#android.permission.ACCESS_WIFI_STATE
ADDED from src\main\AndroidManifest.xml:293:5-76
	android:name
		ADDED from src\main\AndroidManifest.xml:293:22-73
uses-permission#com.android.launcher.permission.INSTALL_SHORTCUT
ADDED from src\main\AndroidManifest.xml:296:5-88
	android:name
		ADDED from src\main\AndroidManifest.xml:296:22-85